[ 2024-12-27 12:04:02,034 ] 1025 httpx - INFO - HTTP Request: GET https://dagshub.com/api/v1/user "HTTP/1.1 200 OK"
[ 2024-12-27 12:04:02,049 ] 107 dagshub - INFO - Accessing as neerajhhhhh225
[ 2024-12-27 12:04:02,563 ] 1025 httpx - INFO - HTTP Request: GET https://dagshub.com/api/v1/repos/neerajhhhhh225/network-security-system-mlops "HTTP/1.1 200 OK"
[ 2024-12-27 12:04:03,041 ] 1025 httpx - INFO - HTTP Request: GET https://dagshub.com/api/v1/user "HTTP/1.1 200 OK"
[ 2024-12-27 12:04:03,057 ] 107 dagshub - INFO - Initialized MLflow to track repo "neerajhhhhh225/network-security-system-mlops"
[ 2024-12-27 12:04:03,062 ] 107 dagshub - INFO - Repository neerajhhhhh225/network-security-system-mlops initialized!
[ 2024-12-27 12:04:03,067 ] 17 root - INFO - Initiate the data ingestion
[ 2024-12-27 12:04:08,636 ] 65 root - INFO - Performed train test split on the dataframe
[ 2024-12-27 12:04:08,637 ] 67 root - INFO - Exited split_data_as_train_test method of Data_Ingestion class
[ 2024-12-27 12:04:08,646 ] 75 root - INFO - Exporting train and test file path.
[ 2024-12-27 12:04:08,842 ] 84 root - INFO - Exported train and test file path.
[ 2024-12-27 12:04:08,842 ] 19 root - INFO - Data Initiation Completed
[ 2024-12-27 12:04:08,863 ] 24 root - INFO - Initiate the data validation
[ 2024-12-27 12:04:15,546 ] 33 root - INFO - Required number of columns:2
[ 2024-12-27 12:04:15,556 ] 34 root - INFO - Data frame has columns:1
[ 2024-12-27 12:04:15,586 ] 33 root - INFO - Required number of columns:2
[ 2024-12-27 12:04:15,590 ] 34 root - INFO - Data frame has columns:1
[ 2024-12-27 12:04:15,923 ] 26 root - INFO - Data Validation Completed
[ 2024-12-27 12:04:15,924 ] 31 root - INFO - Initiate the data transformation
[ 2024-12-27 12:04:15,925 ] 55 root - INFO - Entered initiate_data_transformation method of DataTransformation class
[ 2024-12-27 12:04:15,925 ] 57 root - INFO - Starting data transformation
[ 2024-12-27 12:04:16,130 ] 45 root - INFO - Initialise KNNImputer with {'missing_values': nan, 'n_neighbors': 3, 'weights': 'uniform'}
[ 2024-12-27 12:04:16,237 ] 51 root - INFO - Entered the save_object method of MainUtils class
[ 2024-12-27 12:04:16,289 ] 55 root - INFO - Exited the save_object method of MainUtils class
[ 2024-12-27 12:04:16,290 ] 51 root - INFO - Entered the save_object method of MainUtils class
[ 2024-12-27 12:04:16,341 ] 55 root - INFO - Exited the save_object method of MainUtils class
[ 2024-12-27 12:04:16,341 ] 33 root - INFO - Data Transformation Completed
[ 2024-12-27 12:04:16,342 ] 36 root - INFO - Model Training started
