[ 2024-12-27 12:05:40,731 ] 1025 httpx - INFO - HTTP Request: GET https://dagshub.com/api/v1/user "HTTP/1.1 200 OK"
[ 2024-12-27 12:05:40,746 ] 107 dagshub - INFO - Accessing as neerajhhhhh225
[ 2024-12-27 12:05:41,486 ] 1025 httpx - INFO - HTTP Request: GET https://dagshub.com/api/v1/repos/neerajhhhhh225/network-security-system-mlops "HTTP/1.1 200 OK"
[ 2024-12-27 12:05:41,903 ] 1025 httpx - INFO - HTTP Request: GET https://dagshub.com/api/v1/user "HTTP/1.1 200 OK"
[ 2024-12-27 12:05:41,925 ] 107 dagshub - INFO - Initialized MLflow to track repo "neerajhhhhh225/network-security-system-mlops"
[ 2024-12-27 12:05:41,932 ] 107 dagshub - INFO - Repository neerajhhhhh225/network-security-system-mlops initialized!
[ 2024-12-27 12:05:41,934 ] 17 root - INFO - Initiate the data ingestion
[ 2024-12-27 12:05:48,926 ] 65 root - INFO - Performed train test split on the dataframe
[ 2024-12-27 12:05:48,927 ] 67 root - INFO - Exited split_data_as_train_test method of Data_Ingestion class
[ 2024-12-27 12:05:48,947 ] 75 root - INFO - Exporting train and test file path.
[ 2024-12-27 12:05:49,250 ] 84 root - INFO - Exported train and test file path.
[ 2024-12-27 12:05:49,251 ] 19 root - INFO - Data Initiation Completed
[ 2024-12-27 12:05:49,300 ] 24 root - INFO - Initiate the data validation
[ 2024-12-27 12:05:59,072 ] 33 root - INFO - Required number of columns:2
[ 2024-12-27 12:05:59,075 ] 34 root - INFO - Data frame has columns:1
[ 2024-12-27 12:05:59,075 ] 33 root - INFO - Required number of columns:2
[ 2024-12-27 12:05:59,076 ] 34 root - INFO - Data frame has columns:1
[ 2024-12-27 12:05:59,178 ] 26 root - INFO - Data Validation Completed
[ 2024-12-27 12:05:59,178 ] 31 root - INFO - Initiate the data transformation
[ 2024-12-27 12:05:59,179 ] 55 root - INFO - Entered initiate_data_transformation method of DataTransformation class
[ 2024-12-27 12:05:59,180 ] 57 root - INFO - Starting data transformation
[ 2024-12-27 12:05:59,277 ] 45 root - INFO - Initialise KNNImputer with {'missing_values': nan, 'n_neighbors': 3, 'weights': 'uniform'}
[ 2024-12-27 12:05:59,357 ] 51 root - INFO - Entered the save_object method of MainUtils class
[ 2024-12-27 12:05:59,396 ] 55 root - INFO - Exited the save_object method of MainUtils class
[ 2024-12-27 12:05:59,397 ] 51 root - INFO - Entered the save_object method of MainUtils class
[ 2024-12-27 12:05:59,438 ] 55 root - INFO - Exited the save_object method of MainUtils class
[ 2024-12-27 12:05:59,439 ] 33 root - INFO - Data Transformation Completed
[ 2024-12-27 12:05:59,440 ] 36 root - INFO - Model Training started
[ 2024-12-27 12:17:00,276 ] 51 root - INFO - Entered the save_object method of MainUtils class
[ 2024-12-27 12:17:00,299 ] 55 root - INFO - Exited the save_object method of MainUtils class
[ 2024-12-27 12:17:00,300 ] 51 root - INFO - Entered the save_object method of MainUtils class
[ 2024-12-27 12:17:00,898 ] 55 root - INFO - Exited the save_object method of MainUtils class
[ 2024-12-27 12:17:00,900 ] 152 root - INFO - Model trainer artifact: ModelTrainerArtifact(trained_model_file_path='Artifacts/12_27_2024_12_04_39/model_trainer/trained_model/model.pkl', train_metric_artifact=ClassificationMetricArtifact(f1_score=0.9914080663095117, precision_score=0.9881120290147088, recall_score=0.9947261663286004), test_metric_artifact=ClassificationMetricArtifact(f1_score=0.9727974015428339, precision_score=0.9692556634304207, recall_score=0.9763651181744091))
