[ 2024-12-27 12:49:59,017 ] 1025 httpx - INFO - HTTP Request: GET https://dagshub.com/api/v1/user "HTTP/1.1 200 OK"
[ 2024-12-27 12:49:59,050 ] 107 dagshub - INFO - Accessing as neerajhhhhh225
[ 2024-12-27 12:49:59,626 ] 1025 httpx - INFO - HTTP Request: GET https://dagshub.com/api/v1/repos/neerajhhhhh225/network-security-system-mlops "HTTP/1.1 200 OK"
[ 2024-12-27 12:50:00,471 ] 1025 httpx - INFO - HTTP Request: GET https://dagshub.com/api/v1/user "HTTP/1.1 200 OK"
[ 2024-12-27 12:50:00,476 ] 107 dagshub - INFO - Initialized MLflow to track repo "neerajhhhhh225/network-security-system-mlops"
[ 2024-12-27 12:50:00,486 ] 107 dagshub - INFO - Repository neerajhhhhh225/network-security-system-mlops initialized!
[ 2024-12-27 13:06:57,295 ] 39 root - INFO - Start data Ingestion
[ 2024-12-27 13:07:07,302 ] 65 root - INFO - Performed train test split on the dataframe
[ 2024-12-27 13:07:07,303 ] 67 root - INFO - Exited split_data_as_train_test method of Data_Ingestion class
[ 2024-12-27 13:07:07,321 ] 75 root - INFO - Exporting train and test file path.
[ 2024-12-27 13:07:07,891 ] 84 root - INFO - Exported train and test file path.
[ 2024-12-27 13:07:07,892 ] 42 root - INFO - Data Ingestion completed and artifact: DataIngestionArtifact(trained_file_path='Artifacts/12_27_2024_12_47_39/data_ingestion/ingested/train.csv', test_file_path='Artifacts/12_27_2024_12_47_39/data_ingestion/ingested/test.csv')
[ 2024-12-27 13:07:08,004 ] 52 root - INFO - Initiate the data Validation
[ 2024-12-27 13:07:13,972 ] 33 root - INFO - Required number of columns:2
[ 2024-12-27 13:07:13,973 ] 34 root - INFO - Data frame has columns:1
[ 2024-12-27 13:07:13,974 ] 33 root - INFO - Required number of columns:2
[ 2024-12-27 13:07:13,975 ] 34 root - INFO - Data frame has columns:1
[ 2024-12-27 13:07:14,144 ] 55 root - INFO - Entered initiate_data_transformation method of DataTransformation class
[ 2024-12-27 13:07:14,144 ] 57 root - INFO - Starting data transformation
[ 2024-12-27 13:07:14,399 ] 45 root - INFO - Initialise KNNImputer with {'missing_values': nan, 'n_neighbors': 3, 'weights': 'uniform'}
[ 2024-12-27 13:07:14,567 ] 51 root - INFO - Entered the save_object method of MainUtils class
[ 2024-12-27 13:07:14,641 ] 55 root - INFO - Exited the save_object method of MainUtils class
[ 2024-12-27 13:07:14,645 ] 51 root - INFO - Entered the save_object method of MainUtils class
[ 2024-12-27 13:07:14,705 ] 55 root - INFO - Exited the save_object method of MainUtils class
[ 2024-12-27 13:23:26,730 ] 51 root - INFO - Entered the save_object method of MainUtils class
[ 2024-12-27 13:23:26,747 ] 55 root - INFO - Exited the save_object method of MainUtils class
[ 2024-12-27 13:23:26,748 ] 51 root - INFO - Entered the save_object method of MainUtils class
[ 2024-12-27 13:23:26,927 ] 55 root - INFO - Exited the save_object method of MainUtils class
[ 2024-12-27 13:23:26,927 ] 152 root - INFO - Model trainer artifact: ModelTrainerArtifact(trained_model_file_path='Artifacts/12_27_2024_12_47_39/model_trainer/trained_model/model.pkl', train_metric_artifact=ClassificationMetricArtifact(f1_score=0.9912761209170217, precision_score=0.9902715849209567, recall_score=0.9922826969943136), test_metric_artifact=ClassificationMetricArtifact(f1_score=0.9764419171405362, precision_score=0.9780309194467046, recall_score=0.9748580697485807))
