[ 2024-12-25 20:38:55,683 ] 39 root - INFO - Start data Ingestion
[ 2024-12-25 20:38:59,359 ] 65 root - INFO - Performed train test split on the dataframe
[ 2024-12-25 20:38:59,360 ] 67 root - INFO - Exited split_data_as_train_test method of Data_Ingestion class
[ 2024-12-25 20:38:59,370 ] 75 root - INFO - Exporting train and test file path.
[ 2024-12-25 20:38:59,581 ] 84 root - INFO - Exported train and test file path.
[ 2024-12-25 20:38:59,582 ] 42 root - INFO - Data Ingestion completed and artifact: DataIngestionArtifact(trained_file_path='Artifacts/12_25_2024_20_38_02/data_ingestion/ingested/train.csv', test_file_path='Artifacts/12_25_2024_20_38_02/data_ingestion/ingested/test.csv')
[ 2024-12-25 20:38:59,642 ] 52 root - INFO - Initiate the data Validation
[ 2024-12-25 20:39:04,892 ] 33 root - INFO - Required number of columns:2
[ 2024-12-25 20:39:04,893 ] 34 root - INFO - Data frame has columns:1
[ 2024-12-25 20:39:04,894 ] 33 root - INFO - Required number of columns:2
[ 2024-12-25 20:39:04,894 ] 34 root - INFO - Data frame has columns:1
[ 2024-12-25 20:39:05,046 ] 55 root - INFO - Entered initiate_data_transformation method of DataTransformation class
[ 2024-12-25 20:39:05,046 ] 57 root - INFO - Starting data transformation
[ 2024-12-25 20:39:05,279 ] 45 root - INFO - Initialise KNNImputer with {'missing_values': nan, 'n_neighbors': 3, 'weights': 'uniform'}
[ 2024-12-25 20:39:05,436 ] 51 root - INFO - Entered the save_object method of MainUtils class
[ 2024-12-25 20:39:05,491 ] 55 root - INFO - Exited the save_object method of MainUtils class
[ 2024-12-25 20:39:05,491 ] 51 root - INFO - Entered the save_object method of MainUtils class
[ 2024-12-25 20:39:05,528 ] 55 root - INFO - Exited the save_object method of MainUtils class
[ 2024-12-25 20:49:39,553 ] 1147 botocore.credentials - INFO - Found credentials in environment variables.
[ 2024-12-25 20:53:13,106 ] 51 root - INFO - Entered the save_object method of MainUtils class
[ 2024-12-25 20:53:13,127 ] 55 root - INFO - Exited the save_object method of MainUtils class
[ 2024-12-25 20:53:13,128 ] 51 root - INFO - Entered the save_object method of MainUtils class
[ 2024-12-25 20:53:13,485 ] 55 root - INFO - Exited the save_object method of MainUtils class
[ 2024-12-25 20:53:13,486 ] 148 root - INFO - Model trainer artifact: ModelTrainerArtifact(trained_model_file_path='Artifacts/12_25_2024_20_38_02/model_trainer/trained_model/model.pkl', train_metric_artifact=ClassificationMetricArtifact(f1_score=0.990831234256927, precision_score=0.9879445449065702, recall_score=0.9937348423605498), test_metric_artifact=ClassificationMetricArtifact(f1_score=0.9798767967145791, precision_score=0.9730831973898858, recall_score=0.9867659222497932))
